<?xml version="1.0" encoding="UTF-8"?>
<testng-results ignored="0" total="2" passed="2" failed="0" skipped="0">
  <reporter-output>
  </reporter-output>
  <suite started-at="2023-08-24T15:04:36 IST" name="Suite" finished-at="2023-08-24T15:05:45 IST" duration-ms="68180">
    <groups>
    </groups>
    <test started-at="2023-08-24T15:04:36 IST" name="Test" finished-at="2023-08-24T15:05:45 IST" duration-ms="68180">
      <class name="com.tests.TestsAll">
        <test-method is-config="true" signature="openBrowser()[pri:0, instance:com.tests.TestsAll@2fb0623e]" started-at="2023-08-24T15:04:37 IST" name="openBrowser" finished-at="2023-08-24T15:04:42 IST" duration-ms="5239" status="PASS">
          <reporter-output>
          </reporter-output>
        </test-method> <!-- openBrowser -->
        <test-method signature="testHomePage(java.lang.String,java.lang.String,java.lang.String,java.lang.String,java.lang.String)[pri:0, instance:com.tests.TestsAll@2fb0623e]" started-at="2023-08-24T15:04:42 IST" name="testHomePage" data-provider="myData" finished-at="2023-08-24T15:05:19 IST" duration-ms="36613" status="PASS">
          <params>
            <param index="0">
              <value>
                <![CDATA[Rahul]]>
              </value>
            </param>
            <param index="1">
              <value>
                <![CDATA[rahul@gmail.com]]>
              </value>
            </param>
            <param index="2">
              <value>
                <![CDATA[PAT]]>
              </value>
            </param>
            <param index="3">
              <value>
                <![CDATA[Cognizant]]>
              </value>
            </param>
            <param index="4">
              <value>
                <![CDATA[Here goes the message.]]>
              </value>
            </param>
          </params>
          <reporter-output>
          </reporter-output>
        </test-method> <!-- testHomePage -->
        <test-method is-config="true" signature="tearDown()[pri:0, instance:com.tests.TestsAll@2fb0623e]" started-at="2023-08-24T15:05:19 IST" name="tearDown" finished-at="2023-08-24T15:05:20 IST" duration-ms="1186" status="PASS">
          <reporter-output>
          </reporter-output>
        </test-method> <!-- tearDown -->
        <test-method is-config="true" signature="openBrowser()[pri:0, instance:com.tests.TestsAll@2fb0623e]" started-at="2023-08-24T15:05:20 IST" name="openBrowser" finished-at="2023-08-24T15:05:24 IST" duration-ms="3758" status="PASS">
          <reporter-output>
          </reporter-output>
        </test-method> <!-- openBrowser -->
        <test-method signature="testHomePage(java.lang.String,java.lang.String,java.lang.String,java.lang.String,java.lang.String)[pri:0, instance:com.tests.TestsAll@2fb0623e]" started-at="2023-08-24T15:05:24 IST" name="testHomePage" data-provider="myData" finished-at="2023-08-24T15:05:43 IST" duration-ms="19603" status="PASS">
          <params>
            <param index="0">
              <value>
                <![CDATA[Sam]]>
              </value>
            </param>
            <param index="1">
              <value>
                <![CDATA[samm@gmail.com]]>
              </value>
            </param>
            <param index="2">
              <value>
                <![CDATA[PAT]]>
              </value>
            </param>
            <param index="3">
              <value>
                <![CDATA[Cognizant]]>
              </value>
            </param>
            <param index="4">
              <value>
                <![CDATA[Here goes the message again.]]>
              </value>
            </param>
          </params>
          <reporter-output>
          </reporter-output>
        </test-method> <!-- testHomePage -->
        <test-method is-config="true" signature="tearDown()[pri:0, instance:com.tests.TestsAll@2fb0623e]" started-at="2023-08-24T15:05:43 IST" name="tearDown" finished-at="2023-08-24T15:05:45 IST" duration-ms="1188" status="PASS">
          <reporter-output>
          </reporter-output>
        </test-method> <!-- tearDown -->
      </class> <!-- com.tests.TestsAll -->
    </test> <!-- Test -->
  </suite> <!-- Suite -->
</testng-results>
